Starting job 15540416 ("submitscript") on c16-36 at Thu Sep 8 11:35:14 CEST 2016
TASK_IDs to submit: 515,632
Command line: workerscript
Main job id: 15540416
Start time: 2016-09-08
Thu Sep  8 11:35:14 2016: Submitting jobs...
2 more job(s) to submit
0 job(s) are running, and 0 are waiting
Submitting 2 job(s):
 TASK_ID 515:
  Result from submit: Submitted batch job 15540417 => job ID 15540417
 TASK_ID 632:
  Result from submit: Submitted batch job 15540418 => job ID 15540418
Sleeping...
Thu Sep  8 11:37:15 2016: Checking queue...
Number of jobs to check: 2
 Job 15540417 has finished:
       JobID               Start                 End  MaxVMSize     MaxRSS      State ExitCode 
  ------------ ------------------- ------------------- ---------- ---------- ---------- -------- 
  15540417     2016-09-08T11:35:59 2016-09-08T11:36:06                           FAILED      1:0 
  15540417.ba+ 2016-09-08T11:35:59 2016-09-08T11:36:06    212688K      1370K     FAILED      1:0 
 Job 15540418 has finished:
       JobID               Start                 End  MaxVMSize     MaxRSS      State ExitCode 
  ------------ ------------------- ------------------- ---------- ---------- ---------- -------- 
  15540418     2016-09-08T11:35:59 2016-09-08T11:36:06                           FAILED      1:0 
  15540418.ba+ 2016-09-08T11:35:59 2016-09-08T11:36:06    212688K      1374K     FAILED      1:0 
All jobs have been submitted
Done.

No Modulefiles Currently Loaded.

Job script resource usage:
       JobID  MaxVMSize     MaxRSS 
------------ ---------- ---------- 
15540416.ba+    361604K      3875K 

Job step resource usage:
       JobID    JobName  AllocCPUS  MaxVMSize     MaxRSS    Elapsed ExitCode 
------------ ---------- ---------- ---------- ---------- ---------- -------- 
15540416     submitscr+          1                         00:02:16      0:0 
15540416.0   arrayrun_+          1    273896K      1969K   00:02:12      0:0 

Job 15540416 ("submitscript") completed on c16-36 at Thu Sep 8 11:37:26 CEST 2016
