Starting job 15481791 ("submitscript") on c16-36 at Thu Sep 1 10:39:09 CEST 2016
TASK_IDs to submit: 509,622
Command line: workerscript
Main job id: 15481791
Start time: 2016-09-01
Thu Sep  1 10:39:09 2016: Submitting jobs...
2 more job(s) to submit
0 job(s) are running, and 0 are waiting
Submitting 2 job(s):
 TASK_ID 509:
  Result from submit: Submitted batch job 15481792 => job ID 15481792
 TASK_ID 622:
  Result from submit: Submitted batch job 15481793 => job ID 15481793
Sleeping...
Thu Sep  1 10:41:07 2016: Checking queue...
Number of jobs to check: 2
 Job 15481792 has finished:
       JobID               Start                 End  MaxVMSize     MaxRSS      State ExitCode 
  ------------ ------------------- ------------------- ---------- ---------- ---------- -------- 
  15481792     2016-09-01T10:39:53 2016-09-01T10:39:57                           FAILED      1:0 
  15481792.ba+ 2016-09-01T10:39:53 2016-09-01T10:39:57    212688K      1346K     FAILED      1:0 
 Job 15481793 has finished:
       JobID               Start                 End  MaxVMSize     MaxRSS      State ExitCode 
  ------------ ------------------- ------------------- ---------- ---------- ---------- -------- 
  15481793     2016-09-01T10:39:53 2016-09-01T10:39:57                           FAILED      1:0 
  15481793.ba+ 2016-09-01T10:39:53 2016-09-01T10:39:57    212688K      1342K     FAILED      1:0 
All jobs have been submitted
Done.

No Modulefiles Currently Loaded.

Job script resource usage:
       JobID  MaxVMSize     MaxRSS 
------------ ---------- ---------- 
15481791.ba+    361608K      3881K 

Job step resource usage:
       JobID    JobName  AllocCPUS  MaxVMSize     MaxRSS    Elapsed ExitCode 
------------ ---------- ---------- ---------- ---------- ---------- -------- 
15481791     submitscr+          1                         00:02:10      0:0 
15481791.0   arrayrun_+          1    273896K      2033K   00:02:09      0:0 

Job 15481791 ("submitscript") completed on c16-36 at Thu Sep 1 10:41:18 CEST 2016
