Starting job 15540418 ("15540416.632") on c16-35 at Thu Sep 8 11:36:04 CEST 2016
invalid command name "echo"
    while executing
"echo "script is reading firstFEAT" > /work/jobs/15540418.d/632.feat/fslread.txt"
    (file "/work/jobs/15540418.d/firstFEAT.fsf" line 1)
    invoked from within
"source ${filename}"
    (procedure "feat5:load" line 25)
    invoked from within
"feat5:load -1 1 ${fsfroot}.fsf"
    (file "/cluster/software/VERSIONS/fsl-5.0.6/bin/feat" line 116)

Currently Loaded Modulefiles:
  1) fsl/5.0.6

Job script resource usage:
       JobID  MaxVMSize     MaxRSS 
------------ ---------- ---------- 
15540418.ba+    212688K      1374K 

Job step resource usage:
       JobID    JobName  AllocCPUS  MaxVMSize     MaxRSS    Elapsed ExitCode 
------------ ---------- ---------- ---------- ---------- ---------- -------- 
15540418     15540416.+          1                         00:00:07      0:0 

Job 15540418 ("15540416.632") completed on c16-35 at Thu Sep 8 11:36:06 CEST 2016
