Starting job 15531614 ("submitscript") on c16-36 at Wed Sep 7 15:41:17 CEST 2016
TASK_IDs to submit: 509,622
Command line: workerscript
Main job id: 15531614
Start time: 2016-09-07
Wed Sep  7 15:41:19 2016: Submitting jobs...
2 more job(s) to submit
0 job(s) are running, and 0 are waiting
Submitting 2 job(s):
 TASK_ID 509:
  Result from submit: Submitted batch job 15531618 => job ID 15531618
 TASK_ID 622:
  Result from submit: Submitted batch job 15531619 => job ID 15531619
Sleeping...
Wed Sep  7 15:43:21 2016: Checking queue...
Number of jobs to check: 2
 Job 15531618 is still running
 Job 15531619 is still running
All jobs have been submitted
2 job(s) are still running, and 0 are waiting
Sleeping...
Wed Sep  7 15:45:30 2016: Checking queue...
Number of jobs to check: 2
 Job 15531618 is still running
 Job 15531619 is still running
2 job(s) are still running, and 0 are waiting
Sleeping...
Wed Sep  7 15:47:40 2016: Checking queue...
Number of jobs to check: 2
 Job 15531618 is still running
 Job 15531619 is still running
2 job(s) are still running, and 0 are waiting
Sleeping...
Wed Sep  7 15:49:49 2016: Checking queue...
Number of jobs to check: 2
 Job 15531618 is still running
 Job 15531619 is still running
2 job(s) are still running, and 0 are waiting
Sleeping...
Wed Sep  7 15:52:04 2016: Checking queue...
Number of jobs to check: 2
 Job 15531618 is still running
 Job 15531619 is still running
2 job(s) are still running, and 0 are waiting
Sleeping...
Wed Sep  7 15:54:15 2016: Checking queue...
Number of jobs to check: 2
 Job 15531618 is still running
 Job 15531619 is still running
2 job(s) are still running, and 0 are waiting
Sleeping...
Wed Sep  7 15:56:30 2016: Checking queue...
Number of jobs to check: 2
 Job 15531618 is still running
 Job 15531619 is still running
2 job(s) are still running, and 0 are waiting
Sleeping...
Wed Sep  7 15:58:40 2016: Checking queue...
Number of jobs to check: 2
 Job 15531618 is still running
 Job 15531619 is still running
2 job(s) are still running, and 0 are waiting
Sleeping...
Wed Sep  7 16:00:51 2016: Checking queue...
Number of jobs to check: 2
 Job 15531618 is still running
 Job 15531619 is still running
2 job(s) are still running, and 0 are waiting
Sleeping...
Wed Sep  7 16:03:02 2016: Checking queue...
Number of jobs to check: 2
 Job 15531618 is still running
 Job 15531619 is still running
2 job(s) are still running, and 0 are waiting
Sleeping...
Wed Sep  7 16:05:08 2016: Checking queue...
Number of jobs to check: 2
 Job 15531618 is still running
 Job 15531619 is still running
2 job(s) are still running, and 0 are waiting
Sleeping...
Wed Sep  7 16:07:20 2016: Checking queue...
Number of jobs to check: 2
 Job 15531618 is still running
 Job 15531619 is still running
2 job(s) are still running, and 0 are waiting
Sleeping...
Wed Sep  7 16:09:32 2016: Checking queue...
Number of jobs to check: 2
 Job 15531618 is still running
 Job 15531619 is still running
2 job(s) are still running, and 0 are waiting
Sleeping...
Wed Sep  7 16:11:40 2016: Checking queue...
Number of jobs to check: 2
 Job 15531618 is still running
 Job 15531619 is still running
2 job(s) are still running, and 0 are waiting
Sleeping...
Wed Sep  7 16:13:52 2016: Checking queue...
Number of jobs to check: 2
 Job 15531618 is still running
 Job 15531619 is still running
2 job(s) are still running, and 0 are waiting
Sleeping...
Wed Sep  7 16:15:58 2016: Checking queue...
Number of jobs to check: 2
 Job 15531618 is still running
 Job 15531619 is still running
2 job(s) are still running, and 0 are waiting
Sleeping...
Wed Sep  7 16:18:10 2016: Checking queue...
Number of jobs to check: 2
 Job 15531618 is still running
 Job 15531619 is still running
2 job(s) are still running, and 0 are waiting
Sleeping...
Wed Sep  7 16:20:26 2016: Checking queue...
Number of jobs to check: 2
 Job 15531618 is still running
 Job 15531619 is still running
2 job(s) are still running, and 0 are waiting
Sleeping...
Wed Sep  7 16:22:32 2016: Checking queue...
Number of jobs to check: 2
 Job 15531618 is still running
 Job 15531619 is still running
2 job(s) are still running, and 0 are waiting
Sleeping...
Wed Sep  7 16:24:46 2016: Checking queue...
Number of jobs to check: 2
 Job 15531618 is still running
 Job 15531619 is still running
2 job(s) are still running, and 0 are waiting
Sleeping...
Wed Sep  7 16:26:51 2016: Checking queue...
Number of jobs to check: 2
 Job 15531618 is still running
 Job 15531619 is still running
2 job(s) are still running, and 0 are waiting
Sleeping...
Wed Sep  7 16:29:05 2016: Checking queue...
Number of jobs to check: 2
 Job 15531618 is still running
 Job 15531619 is still running
2 job(s) are still running, and 0 are waiting
Sleeping...
Wed Sep  7 16:31:17 2016: Checking queue...
Number of jobs to check: 2
 Job 15531618 is still running
 Job 15531619 is still running
2 job(s) are still running, and 0 are waiting
Sleeping...
Wed Sep  7 16:33:26 2016: Checking queue...
Number of jobs to check: 2
 Job 15531618 is still running
 Job 15531619 is still running
2 job(s) are still running, and 0 are waiting
Sleeping...
Wed Sep  7 16:35:36 2016: Checking queue...
Number of jobs to check: 2
 Job 15531618 is still running
 Job 15531619 is still running
2 job(s) are still running, and 0 are waiting
Sleeping...
Wed Sep  7 16:37:43 2016: Checking queue...
Number of jobs to check: 2
 Job 15531618 is still running
 Job 15531619 is still running
2 job(s) are still running, and 0 are waiting
Sleeping...
Wed Sep  7 16:39:51 2016: Checking queue...
Number of jobs to check: 2
 Job 15531618 is still running
 Job 15531619 is still running
2 job(s) are still running, and 0 are waiting
Sleeping...
Wed Sep  7 16:42:06 2016: Checking queue...
Number of jobs to check: 2
 Job 15531618 is still running
 Job 15531619 is still running
2 job(s) are still running, and 0 are waiting
Sleeping...
Wed Sep  7 16:44:12 2016: Checking queue...
Number of jobs to check: 2
 Job 15531618 is still running
 Job 15531619 is still running
2 job(s) are still running, and 0 are waiting
Sleeping...
Wed Sep  7 16:46:24 2016: Checking queue...
Number of jobs to check: 2
 Job 15531618 is still running
 Job 15531619 is still running
2 job(s) are still running, and 0 are waiting
Sleeping...
Wed Sep  7 16:48:35 2016: Checking queue...
Number of jobs to check: 2
 Job 15531618 is still running
 Job 15531619 is still running
2 job(s) are still running, and 0 are waiting
Sleeping...
Wed Sep  7 16:50:43 2016: Checking queue...
Number of jobs to check: 2
 Job 15531618 is still running
 Job 15531619 is still running
2 job(s) are still running, and 0 are waiting
Sleeping...
Wed Sep  7 16:52:54 2016: Checking queue...
Number of jobs to check: 2
 Job 15531618 is still running
 Job 15531619 is still running
2 job(s) are still running, and 0 are waiting
Sleeping...
Wed Sep  7 16:55:02 2016: Checking queue...
Number of jobs to check: 2
 Job 15531618 is still running
 Job 15531619 is still running
2 job(s) are still running, and 0 are waiting
Sleeping...
Wed Sep  7 16:57:15 2016: Checking queue...
Number of jobs to check: 2
 Job 15531618 is still running
 Job 15531619 is still running
2 job(s) are still running, and 0 are waiting
Sleeping...
Wed Sep  7 16:59:29 2016: Checking queue...
Number of jobs to check: 2
 Job 15531618 is still running
 Job 15531619 is still running
2 job(s) are still running, and 0 are waiting
Sleeping...
Wed Sep  7 17:01:38 2016: Checking queue...
Number of jobs to check: 2
 Job 15531618 is still running
 Job 15531619 is still running
2 job(s) are still running, and 0 are waiting
Sleeping...
Wed Sep  7 17:03:47 2016: Checking queue...
Number of jobs to check: 2
 Job 15531618 is still running
 Job 15531619 is still running
2 job(s) are still running, and 0 are waiting
Sleeping...
Wed Sep  7 17:05:57 2016: Checking queue...
Number of jobs to check: 2
 Job 15531618 is still running
 Job 15531619 is still running
2 job(s) are still running, and 0 are waiting
Sleeping...
Wed Sep  7 17:08:03 2016: Checking queue...
Number of jobs to check: 2
 Job 15531618 is still running
 Job 15531619 is still running
2 job(s) are still running, and 0 are waiting
Sleeping...
Wed Sep  7 17:10:19 2016: Checking queue...
Number of jobs to check: 2
 Job 15531618 is still running
 Job 15531619 is still running
2 job(s) are still running, and 0 are waiting
Sleeping...
Wed Sep  7 17:12:29 2016: Checking queue...
Number of jobs to check: 2
 Job 15531618 is still running
 Job 15531619 is still running
2 job(s) are still running, and 0 are waiting
Sleeping...
Wed Sep  7 17:14:44 2016: Checking queue...
Number of jobs to check: 2
 Job 15531618 is still running
 Job 15531619 is still running
2 job(s) are still running, and 0 are waiting
Sleeping...
Wed Sep  7 17:16:52 2016: Checking queue...
Number of jobs to check: 2
 Job 15531618 is still running
 Job 15531619 is still running
2 job(s) are still running, and 0 are waiting
Sleeping...
Wed Sep  7 17:18:59 2016: Checking queue...
Number of jobs to check: 2
 Job 15531618 is still running
 Job 15531619 is still running
2 job(s) are still running, and 0 are waiting
Sleeping...
Wed Sep  7 17:21:11 2016: Checking queue...
Number of jobs to check: 2
 Job 15531618 is still running
 Job 15531619 is still running
2 job(s) are still running, and 0 are waiting
Sleeping...
Wed Sep  7 17:23:19 2016: Checking queue...
Number of jobs to check: 2
 Job 15531618 is still running
 Job 15531619 is still running
2 job(s) are still running, and 0 are waiting
Sleeping...
Wed Sep  7 17:25:25 2016: Checking queue...
Number of jobs to check: 2
 Job 15531618 is still running
 Job 15531619 is still running
2 job(s) are still running, and 0 are waiting
Sleeping...
Wed Sep  7 17:27:37 2016: Checking queue...
Number of jobs to check: 2
 Job 15531618 is still running
 Job 15531619 is still running
2 job(s) are still running, and 0 are waiting
Sleeping...
Wed Sep  7 17:29:51 2016: Checking queue...
Number of jobs to check: 2
 Job 15531618 is still running
 Job 15531619 is still running
2 job(s) are still running, and 0 are waiting
Sleeping...
Wed Sep  7 17:32:02 2016: Checking queue...
Number of jobs to check: 2
 Job 15531618 is still running
 Job 15531619 is still running
2 job(s) are still running, and 0 are waiting
Sleeping...
Wed Sep  7 17:34:10 2016: Checking queue...
Number of jobs to check: 2
 Job 15531618 is still running
 Job 15531619 is still running
2 job(s) are still running, and 0 are waiting
Sleeping...
Wed Sep  7 17:36:20 2016: Checking queue...
Number of jobs to check: 2
 Job 15531618 is still running
 Job 15531619 is still running
2 job(s) are still running, and 0 are waiting
Sleeping...
Wed Sep  7 17:38:35 2016: Checking queue...
Number of jobs to check: 2
 Job 15531618 is still running
 Job 15531619 is still running
2 job(s) are still running, and 0 are waiting
Sleeping...
Wed Sep  7 17:40:44 2016: Checking queue...
Number of jobs to check: 2
 Job 15531618 is still running
 Job 15531619 is still running
2 job(s) are still running, and 0 are waiting
Sleeping...
Wed Sep  7 17:43:01 2016: Checking queue...
Number of jobs to check: 2
 Job 15531618 has finished:
       JobID               Start                 End  MaxVMSize     MaxRSS      State ExitCode 
  ------------ ------------------- ------------------- ---------- ---------- ---------- -------- 
  15531618     2016-09-07T15:42:08 2016-09-07T17:42:14                          TIMEOUT      1:0 
  15531618.ba+ 2016-09-07T15:42:08 2016-09-07T17:42:15    318752K      1943K  CANCELLED     0:15 
 Job 15531619 has finished:
       JobID               Start                 End  MaxVMSize     MaxRSS      State ExitCode 
  ------------ ------------------- ------------------- ---------- ---------- ---------- -------- 
  15531619     2016-09-07T15:42:08 2016-09-07T17:42:14                          TIMEOUT      1:0 
  15531619.ba+ 2016-09-07T15:42:08 2016-09-07T17:42:14    213824K      2182K  CANCELLED     0:15 
Done.

No Modulefiles Currently Loaded.

Job script resource usage:
       JobID  MaxVMSize     MaxRSS 
------------ ---------- ---------- 
15531614.ba+    361604K      4035K 

Job step resource usage:
       JobID    JobName  AllocCPUS  MaxVMSize     MaxRSS    Elapsed ExitCode 
------------ ---------- ---------- ---------- ---------- ---------- -------- 
15531614     submitscr+          1                         02:01:58      0:0 
15531614.0   arrayrun_+          1    273896K      2279K   02:01:52      0:0 

Job 15531614 ("submitscript") completed on c16-36 at Wed Sep 7 17:43:12 CEST 2016
