Starting job 15540320 ("submitscript") on c16-36 at Thu Sep 8 11:06:55 CEST 2016
TASK_IDs to submit: 512,631
Command line: workerscript
Main job id: 15540320
Start time: 2016-09-08
Thu Sep  8 11:06:55 2016: Submitting jobs...
2 more job(s) to submit
0 job(s) are running, and 0 are waiting
Submitting 2 job(s):
 TASK_ID 512:
  Result from submit: Submitted batch job 15540329 => job ID 15540329
 TASK_ID 631:
  Result from submit: Submitted batch job 15540330 => job ID 15540330
Sleeping...
Thu Sep  8 11:08:56 2016: Checking queue...
Number of jobs to check: 2
 Job 15540329 is still running
 Job 15540330 is still running
All jobs have been submitted
2 job(s) are still running, and 0 are waiting
Sleeping...
Thu Sep  8 11:11:12 2016: Checking queue...
Number of jobs to check: 2
 Job 15540329 is still running
 Job 15540330 is still running
2 job(s) are still running, and 0 are waiting
Sleeping...
Thu Sep  8 11:13:21 2016: Checking queue...
Number of jobs to check: 2
 Job 15540329 is still running
 Job 15540330 is still running
2 job(s) are still running, and 0 are waiting
Sleeping...
Thu Sep  8 11:15:31 2016: Checking queue...
Number of jobs to check: 2
 Job 15540329 is still running
 Job 15540330 is still running
2 job(s) are still running, and 0 are waiting
Sleeping...
Thu Sep  8 11:17:46 2016: Checking queue...
Number of jobs to check: 2
 Job 15540329 is still running
 Job 15540330 is still running
2 job(s) are still running, and 0 are waiting
Sleeping...
Thu Sep  8 11:19:54 2016: Checking queue...
Number of jobs to check: 2
 Job 15540329 is still running
 Job 15540330 is still running
2 job(s) are still running, and 0 are waiting
Sleeping...
Thu Sep  8 11:22:02 2016: Checking queue...
Number of jobs to check: 2
 Job 15540329 is still running
 Job 15540330 is still running
2 job(s) are still running, and 0 are waiting
Sleeping...
Thu Sep  8 11:24:11 2016: Checking queue...
Number of jobs to check: 2
 Job 15540329 is still running
 Job 15540330 is still running
2 job(s) are still running, and 0 are waiting
Sleeping...
Thu Sep  8 11:26:18 2016: Checking queue...
Number of jobs to check: 2
 Job 15540329 is still running
 Job 15540330 is still running
2 job(s) are still running, and 0 are waiting
Sleeping...
Thu Sep  8 11:28:29 2016: Checking queue...
Number of jobs to check: 2
 Job 15540329 is still running
 Job 15540330 is still running
2 job(s) are still running, and 0 are waiting
Sleeping...
Thu Sep  8 11:30:39 2016: Checking queue...
Number of jobs to check: 2
 Job 15540329 is still running
 Job 15540330 is still running
2 job(s) are still running, and 0 are waiting
Sleeping...
Thu Sep  8 11:32:53 2016: Checking queue...
Number of jobs to check: 2
 Job 15540329 is still running
 Job 15540330 is still running
2 job(s) are still running, and 0 are waiting
Sleeping...
Thu Sep  8 11:35:09 2016: Checking queue...
Number of jobs to check: 2
 Job 15540329 is still running
 Job 15540330 is still running
2 job(s) are still running, and 0 are waiting
Sleeping...
Thu Sep  8 11:37:14 2016: Checking queue...
Number of jobs to check: 2
 Job 15540329 is still running
 Job 15540330 is still running
2 job(s) are still running, and 0 are waiting
Sleeping...
Thu Sep  8 11:39:23 2016: Checking queue...
Number of jobs to check: 2
 Job 15540329 is still running
 Job 15540330 is still running
2 job(s) are still running, and 0 are waiting
Sleeping...
Thu Sep  8 11:41:35 2016: Checking queue...
Number of jobs to check: 2
 Job 15540329 is still running
 Job 15540330 is still running
2 job(s) are still running, and 0 are waiting
Sleeping...
Thu Sep  8 11:43:44 2016: Checking queue...
Number of jobs to check: 2
 Job 15540329 is still running
 Job 15540330 is still running
2 job(s) are still running, and 0 are waiting
Sleeping...
Thu Sep  8 11:45:50 2016: Checking queue...
Number of jobs to check: 2
 Job 15540329 is still running
 Job 15540330 is still running
2 job(s) are still running, and 0 are waiting
Sleeping...
Thu Sep  8 11:48:04 2016: Checking queue...
Number of jobs to check: 2
 Job 15540329 is still running
 Job 15540330 is still running
2 job(s) are still running, and 0 are waiting
Sleeping...
Thu Sep  8 11:50:14 2016: Checking queue...
Number of jobs to check: 2
 Job 15540329 is still running
 Job 15540330 is still running
2 job(s) are still running, and 0 are waiting
Sleeping...
Thu Sep  8 11:52:20 2016: Checking queue...
Number of jobs to check: 2
 Job 15540329 is still running
 Job 15540330 is still running
2 job(s) are still running, and 0 are waiting
Sleeping...
Thu Sep  8 11:54:32 2016: Checking queue...
Number of jobs to check: 2
 Job 15540329 is still running
 Job 15540330 is still running
2 job(s) are still running, and 0 are waiting
Sleeping...
Thu Sep  8 11:56:45 2016: Checking queue...
Number of jobs to check: 2
 Job 15540329 is still running
 Job 15540330 is still running
2 job(s) are still running, and 0 are waiting
Sleeping...
Thu Sep  8 11:58:52 2016: Checking queue...
Number of jobs to check: 2
 Job 15540329 is still running
 Job 15540330 is still running
2 job(s) are still running, and 0 are waiting
Sleeping...
Thu Sep  8 12:01:01 2016: Checking queue...
Number of jobs to check: 2
 Job 15540329 is still running
 Job 15540330 is still running
2 job(s) are still running, and 0 are waiting
Sleeping...
Thu Sep  8 12:03:13 2016: Checking queue...
Number of jobs to check: 2
 Job 15540329 is still running
 Job 15540330 is still running
2 job(s) are still running, and 0 are waiting
Sleeping...
Thu Sep  8 12:05:19 2016: Checking queue...
Number of jobs to check: 2
 Job 15540329 is still running
 Job 15540330 is still running
2 job(s) are still running, and 0 are waiting
Sleeping...
Thu Sep  8 12:07:26 2016: Checking queue...
Number of jobs to check: 2
 Job 15540329 is still running
 Job 15540330 is still running
2 job(s) are still running, and 0 are waiting
Sleeping...
Thu Sep  8 12:09:42 2016: Checking queue...
Number of jobs to check: 2
 Job 15540329 is still running
 Job 15540330 is still running
2 job(s) are still running, and 0 are waiting
Sleeping...
Thu Sep  8 12:11:47 2016: Checking queue...
Number of jobs to check: 2
 Job 15540329 is still running
 Job 15540330 is still running
2 job(s) are still running, and 0 are waiting
Sleeping...
Thu Sep  8 12:14:03 2016: Checking queue...
Number of jobs to check: 2
 Job 15540329 is still running
 Job 15540330 is still running
2 job(s) are still running, and 0 are waiting
Sleeping...
Thu Sep  8 12:16:11 2016: Checking queue...
Number of jobs to check: 2
 Job 15540329 is still running
 Job 15540330 is still running
2 job(s) are still running, and 0 are waiting
Sleeping...
Thu Sep  8 12:18:26 2016: Checking queue...
Number of jobs to check: 2
 Job 15540329 is still running
 Job 15540330 is still running
2 job(s) are still running, and 0 are waiting
Sleeping...
Thu Sep  8 12:20:32 2016: Checking queue...
Number of jobs to check: 2
 Job 15540329 is still running
 Job 15540330 is still running
2 job(s) are still running, and 0 are waiting
Sleeping...
Thu Sep  8 12:22:48 2016: Checking queue...
Number of jobs to check: 2
 Job 15540329 is still running
 Job 15540330 is still running
2 job(s) are still running, and 0 are waiting
Sleeping...
Thu Sep  8 12:24:55 2016: Checking queue...
Number of jobs to check: 2
 Job 15540329 is still running
 Job 15540330 is still running
2 job(s) are still running, and 0 are waiting
Sleeping...
Thu Sep  8 12:27:02 2016: Checking queue...
Number of jobs to check: 2
 Job 15540329 is still running
 Job 15540330 is still running
2 job(s) are still running, and 0 are waiting
Sleeping...
Thu Sep  8 12:29:13 2016: Checking queue...
Number of jobs to check: 2
 Job 15540329 is still running
 Job 15540330 is still running
2 job(s) are still running, and 0 are waiting
Sleeping...
Thu Sep  8 12:31:26 2016: Checking queue...
Number of jobs to check: 2
 Job 15540329 is still running
 Job 15540330 is still running
2 job(s) are still running, and 0 are waiting
Sleeping...
Thu Sep  8 12:33:36 2016: Checking queue...
Number of jobs to check: 2
 Job 15540329 is still running
 Job 15540330 is still running
2 job(s) are still running, and 0 are waiting
Sleeping...
Thu Sep  8 12:35:48 2016: Checking queue...
Number of jobs to check: 2
 Job 15540329 is still running
 Job 15540330 is still running
2 job(s) are still running, and 0 are waiting
Sleeping...
Thu Sep  8 12:37:57 2016: Checking queue...
Number of jobs to check: 2
 Job 15540329 is still running
 Job 15540330 is still running
2 job(s) are still running, and 0 are waiting
Sleeping...
Thu Sep  8 12:40:12 2016: Checking queue...
Number of jobs to check: 2
 Job 15540329 is still running
 Job 15540330 is still running
2 job(s) are still running, and 0 are waiting
Sleeping...
Thu Sep  8 12:42:18 2016: Checking queue...
Number of jobs to check: 2
 Job 15540329 is still running
 Job 15540330 is still running
2 job(s) are still running, and 0 are waiting
Sleeping...
Thu Sep  8 12:44:29 2016: Checking queue...
Number of jobs to check: 2
 Job 15540329 is still running
 Job 15540330 is still running
2 job(s) are still running, and 0 are waiting
Sleeping...
Thu Sep  8 12:46:34 2016: Checking queue...
Number of jobs to check: 2
 Job 15540329 is still running
 Job 15540330 is still running
2 job(s) are still running, and 0 are waiting
Sleeping...
Thu Sep  8 12:48:43 2016: Checking queue...
Number of jobs to check: 2
 Job 15540329 is still running
 Job 15540330 is still running
2 job(s) are still running, and 0 are waiting
Sleeping...
Thu Sep  8 12:50:52 2016: Checking queue...
Number of jobs to check: 2
 Job 15540329 is still running
 Job 15540330 is still running
2 job(s) are still running, and 0 are waiting
Sleeping...
Thu Sep  8 12:53:05 2016: Checking queue...
Number of jobs to check: 2
 Job 15540329 is still running
 Job 15540330 is still running
2 job(s) are still running, and 0 are waiting
Sleeping...
Thu Sep  8 12:55:20 2016: Checking queue...
Number of jobs to check: 2
 Job 15540329 is still running
 Job 15540330 is still running
2 job(s) are still running, and 0 are waiting
Sleeping...
Thu Sep  8 12:57:32 2016: Checking queue...
Number of jobs to check: 2
 Job 15540329 is still running
 Job 15540330 is still running
2 job(s) are still running, and 0 are waiting
Sleeping...
Thu Sep  8 12:59:46 2016: Checking queue...
Number of jobs to check: 2
 Job 15540329 is still running
 Job 15540330 is still running
2 job(s) are still running, and 0 are waiting
Sleeping...
Thu Sep  8 13:01:52 2016: Checking queue...
Number of jobs to check: 2
 Job 15540329 is still running
 Job 15540330 is still running
2 job(s) are still running, and 0 are waiting
Sleeping...
Thu Sep  8 13:04:01 2016: Checking queue...
Number of jobs to check: 2
 Job 15540329 is still running
 Job 15540330 is still running
2 job(s) are still running, and 0 are waiting
Sleeping...
Thu Sep  8 13:06:11 2016: Checking queue...
Number of jobs to check: 2
 Job 15540329 is still running
 Job 15540330 is still running
2 job(s) are still running, and 0 are waiting
Sleeping...
Thu Sep  8 13:08:26 2016: Checking queue...
Number of jobs to check: 2
 Job 15540329 has finished:
       JobID               Start                 End  MaxVMSize     MaxRSS      State ExitCode 
  ------------ ------------------- ------------------- ---------- ---------- ---------- -------- 
  15540329     2016-09-08T11:07:39 2016-09-08T13:08:02                          TIMEOUT      1:0 
  15540329.ba+ 2016-09-08T11:07:39 2016-09-08T13:08:02    318752K      2055K  CANCELLED     0:15 
 Job 15540330 has finished:
       JobID               Start                 End  MaxVMSize     MaxRSS      State ExitCode 
  ------------ ------------------- ------------------- ---------- ---------- ---------- -------- 
  15540330     2016-09-08T11:07:39 2016-09-08T13:08:02                          TIMEOUT      1:0 
  15540330.ba+ 2016-09-08T11:07:39 2016-09-08T13:08:02    318752K      1820K  CANCELLED     0:15 
Done.

No Modulefiles Currently Loaded.

Job script resource usage:
       JobID  MaxVMSize     MaxRSS 
------------ ---------- ---------- 
15540320.ba+    361604K      4057K 

Job step resource usage:
       JobID    JobName  AllocCPUS  MaxVMSize     MaxRSS    Elapsed ExitCode 
------------ ---------- ---------- ---------- ---------- ---------- -------- 
15540320     submitscr+          1                         02:01:45      0:0 
15540320.0   arrayrun_+          1    273896K      2364K   02:01:42      0:0 

Job 15540320 ("submitscript") completed on c16-36 at Thu Sep 8 13:08:37 CEST 2016
