Starting job 15474844 ("submitscript") on c16-36 at Wed Aug 31 19:33:37 CEST 2016
TASK_IDs to submit: 509,622
Command line: workerscript
Main job id: 15474844
Start time: 2016-08-31
Wed Aug 31 19:33:37 2016: Submitting jobs...
2 more job(s) to submit
0 job(s) are running, and 0 are waiting
Submitting 2 job(s):
 TASK_ID 509:
  Result from submit: Submitted batch job 15474845 => job ID 15474845
 TASK_ID 622:
  Result from submit: Submitted batch job 15474846 => job ID 15474846
Sleeping...
srun: Job step aborted: Waiting up to 32 seconds for job step to finish.
slurmstepd: *** JOB 15474844 ON c16-36 CANCELLED AT 2016-08-31T19:35:33 ***

slurmstepd: *** STEP 15474844.0 ON c16-36 CANCELLED AT 2016-08-31T19:35:33 ***
Caught signal.  Cleaning up...
Cancelling  15474845 15474846 
scancel 15474845 15474846
No Modulefiles Currently Loaded.

Job script resource usage:
Cancelled  15474845 15474846 
       JobID  MaxVMSize     MaxRSS 
------------ ---------- ---------- 
15474844.ba+    467720K      5316K 

Job step resource usage:
       JobID    JobName  AllocCPUS  MaxVMSize     MaxRSS    Elapsed ExitCode 
------------ ---------- ---------- ---------- ---------- ---------- -------- 
15474844     submitscr+          1                         00:02:01      0:0 
15474844.0   arrayrun_+          1                         00:01:56      0:0 

Job 15474844 ("submitscript") completed on c16-36 at Wed Aug 31 19:35:33 CEST 2016
