Starting job 15429948 ("chkfile_test_submit.txt") on c16-32 at Fri Aug 26 16:25:23 CEST 2016
TASK_IDs to submit: 509,622
Command line: chkfile_test.txt
Main job id: 15429948
Start time: 2016-08-26
Fri Aug 26 16:25:27 2016: Submitting jobs...
2 more job(s) to submit
0 job(s) are running, and 0 are waiting
Submitting 2 job(s):
 TASK_ID 509:
  Result from submit: Submitted batch job 15429949 => job ID 15429949
 TASK_ID 622:
  Result from submit: Submitted batch job 15429950 => job ID 15429950
Sleeping...
Fri Aug 26 16:27:25 2016: Checking queue...
Number of jobs to check: 2
 Job 15429949 has finished:
       JobID               Start                 End  MaxVMSize     MaxRSS      State ExitCode 
  ------------ ------------------- ------------------- ---------- ---------- ---------- -------- 
  15429949     2016-08-26T16:26:50 2016-08-26T16:26:55                        COMPLETED      0:0 
  15429949.ba+ 2016-08-26T16:26:50 2016-08-26T16:26:55    214748K      1800K  COMPLETED      0:0 
 Job 15429950 has finished:
       JobID               Start                 End  MaxVMSize     MaxRSS      State ExitCode 
  ------------ ------------------- ------------------- ---------- ---------- ---------- -------- 
  15429950     2016-08-26T16:26:50 2016-08-26T16:26:55                        COMPLETED      0:0 
  15429950.ba+ 2016-08-26T16:26:50 2016-08-26T16:26:55    214748K      1739K  COMPLETED      0:0 
All jobs have been submitted
Done.

No Modulefiles Currently Loaded.

Job script resource usage:
       JobID  MaxVMSize     MaxRSS 
------------ ---------- ---------- 
15429948.ba+    363664K      4480K 

Job step resource usage:
       JobID    JobName  AllocCPUS  MaxVMSize     MaxRSS    Elapsed ExitCode 
------------ ---------- ---------- ---------- ---------- ---------- -------- 
15429948     chkfile_t+          1                         00:02:17      0:0 
15429948.0   arrayrun_+          1    273896K      2849K   00:02:10      0:0 

Job 15429948 ("chkfile_test_submit.txt") completed on c16-32 at Fri Aug 26 16:27:37 CEST 2016
