Starting job 15474801 ("submitscript") on c16-36 at Wed Aug 31 19:24:42 CEST 2016
TASK_IDs to submit: 509,622
Command line: workerscript
Main job id: 15474801
Start time: 2016-08-31
Wed Aug 31 19:24:42 2016: Submitting jobs...
2 more job(s) to submit
0 job(s) are running, and 0 are waiting
Submitting 2 job(s):
 TASK_ID 509:
  Result from submit: Submitted batch job 15474802 => job ID 15474802
 TASK_ID 622:
  Result from submit: Submitted batch job 15474803 => job ID 15474803
Sleeping...
Wed Aug 31 19:26:39 2016: Checking queue...
Number of jobs to check: 2
 Job 15474802 is still waiting
 Job 15474803 is still waiting
All jobs have been submitted
0 job(s) are still running, and 2 are waiting
Sleeping...
srun: Job step aborted: Waiting up to 32 seconds for job step to finish.
slurmstepd: *** STEP 15474801.0 ON c16-36 CANCELLED AT 2016-08-31T19:28:20 ***
Caught signal.  Cleaning up...
Cancelling  15474802 15474803 
scancel 15474802 15474803
slurmstepd: *** JOB 15474801 ON c16-36 CANCELLED AT 2016-08-31T19:28:20 ***

No Modulefiles Currently Loaded.

Job script resource usage:
Cancelled  15474802 15474803 
       JobID  MaxVMSize     MaxRSS 
------------ ---------- ---------- 
15474801.ba+    467720K      5328K 

Job step resource usage:
       JobID    JobName  AllocCPUS  MaxVMSize     MaxRSS    Elapsed ExitCode 
------------ ---------- ---------- ---------- ---------- ---------- -------- 
15474801     submitscr+          1                         00:03:41      0:0 
15474801.0   arrayrun_+          1                         00:03:38      0:0 

Job 15474801 ("submitscript") completed on c16-36 at Wed Aug 31 19:28:20 CEST 2016
