Starting job 15540258 ("submitscript") on c16-36 at Thu Sep 8 10:58:10 CEST 2016
TASK_IDs to submit: 512,631
Command line: workerscript
Main job id: 15540258
Start time: 2016-09-08
Thu Sep  8 10:58:13 2016: Submitting jobs...
2 more job(s) to submit
0 job(s) are running, and 0 are waiting
Submitting 2 job(s):
 TASK_ID 512:
  Result from submit: Submitted batch job 15540262 => job ID 15540262
 TASK_ID 631:
  Result from submit: Submitted batch job 15540263 => job ID 15540263
Sleeping...
Thu Sep  8 11:00:13 2016: Checking queue...
Number of jobs to check: 2
 Job 15540262 has finished:
       JobID               Start                 End  MaxVMSize     MaxRSS      State ExitCode 
  ------------ ------------------- ------------------- ---------- ---------- ---------- -------- 
  15540262     2016-09-08T10:58:59 2016-09-08T10:59:07                           FAILED      1:0 
  15540262.ba+ 2016-09-08T10:58:59 2016-09-08T10:59:07    212688K      1721K     FAILED      1:0 
 Job 15540263 has finished:
       JobID               Start                 End  MaxVMSize     MaxRSS      State ExitCode 
  ------------ ------------------- ------------------- ---------- ---------- ---------- -------- 
  15540263     2016-09-08T10:58:59 2016-09-08T10:59:07                           FAILED      1:0 
  15540263.ba+ 2016-09-08T10:58:59 2016-09-08T10:59:07    212688K      1702K     FAILED      1:0 
All jobs have been submitted
Done.

No Modulefiles Currently Loaded.

Job script resource usage:
       JobID  MaxVMSize     MaxRSS 
------------ ---------- ---------- 
15540258.ba+    361604K      4025K 

Job step resource usage:
       JobID    JobName  AllocCPUS  MaxVMSize     MaxRSS    Elapsed ExitCode 
------------ ---------- ---------- ---------- ---------- ---------- -------- 
15540258     submitscr+          1                         00:02:19      0:0 
15540258.0   arrayrun_+          1    273896K      2183K   00:02:11      0:0 

Job 15540258 ("submitscript") completed on c16-36 at Thu Sep 8 11:00:24 CEST 2016
