Starting job 15474743 ("submitscript") on c16-36 at Wed Aug 31 19:17:57 CEST 2016
TASK_IDs to submit: 509,622
Command line: workerscript
Main job id: 15474743
Start time: 2016-08-31
Wed Aug 31 19:17:59 2016: Submitting jobs...
2 more job(s) to submit
0 job(s) are running, and 0 are waiting
Submitting 2 job(s):
 TASK_ID 509:
  Result from submit: Submitted batch job 15474748 => job ID 15474748
 TASK_ID 622:
  Result from submit: Submitted batch job 15474749 => job ID 15474749
Sleeping...
Wed Aug 31 19:20:02 2016: Checking queue...
Number of jobs to check: 2
 Job 15474748 is still waiting
 Job 15474749 is still waiting
All jobs have been submitted
0 job(s) are still running, and 2 are waiting
Sleeping...
Wed Aug 31 19:22:14 2016: Checking queue...
Number of jobs to check: 2
 Job 15474748 is still waiting
 Job 15474749 is still waiting
0 job(s) are still running, and 2 are waiting
Sleeping...
srun: Job step aborted: Waiting up to 32 seconds for job step to finish.
slurmstepd: *** JOB 15474743 ON c16-36 CANCELLED AT 2016-08-31T19:23:14 ***

slurmstepd: *** STEP 15474743.0 ON c16-36 CANCELLED AT 2016-08-31T19:23:14 ***
Caught signal.  Cleaning up...
Cancelling  15474748 15474749 
scancel 15474748 15474749
No Modulefiles Currently Loaded.

Job script resource usage:
Cancelled  15474748 15474749 
       JobID  MaxVMSize     MaxRSS 
------------ ---------- ---------- 
15474743.ba+    467720K      5344K 

Job step resource usage:
       JobID    JobName  AllocCPUS  MaxVMSize     MaxRSS    Elapsed ExitCode 
------------ ---------- ---------- ---------- ---------- ---------- -------- 
15474743     submitscr+          1                         00:05:19      0:0 
15474743.0   arrayrun_+          1                         00:05:15      0:0 

Job 15474743 ("submitscript") completed on c16-36 at Wed Aug 31 19:23:14 CEST 2016
